Arguments: 
  /usr/bin/node /usr/bin/yarn remove espresso

PATH: 
  /home/dev43/bin:/home/dev43/.local/bin:/usr/local/sbin:/usr/local/bin:/usr/sbin:/usr/bin:/sbin:/bin:/usr/games:/usr/local/games:/snap/bin:/usr/local/go/bin:/home/dev43/go/bin:/home/dev43/go/bin:/home/dev43/go/bin

Yarn version: 
  1.2.0

Node version: 
  8.9.4

Platform: 
  linux x64

npm manifest: 
  {
    "name": "eth-smart-contracts",
    "version": "1.0.0",
    "description": "",
    "main": "truffle-config.js",
    "directories": {
      "test": "test"
    },
    "scripts": {
      "test": "truffle test"
    },
    "author": "Etherparty",
    "license": "ISC",
    "dependencies": {
      "babel-polyfill": "^6.26.0",
      "babel-register": "^6.26.0",
      "bignumber.js": "6.0.0",
      "zeppelin-solidity": "1.6.0"
    },
    "devDependencies": {
      "solidity-coverage": "^0.4.9"
    }
  }

yarn manifest: 
  No manifest

Lockfile: 
  # THIS IS AN AUTOGENERATED FILE. DO NOT EDIT THIS FILE DIRECTLY.
  # yarn lockfile v1
  
  
  bignumber.js@^5.0.0:
    version "5.0.0"
    resolved "https://registry.yarnpkg.com/bignumber.js/-/bignumber.js-5.0.0.tgz#fbce63f09776b3000a83185badcde525daf34833"
  
  zeppelin-solidity@^1.4.0:
    version "1.4.0"
    resolved "https://registry.yarnpkg.com/zeppelin-solidity/-/zeppelin-solidity-1.4.0.tgz#0b8e0ef219897431a5be47004f78b20e0a2ee34a"

Trace: 
  Error: EACCES: permission denied, mkdir '/home/dev43/go/src/github.com/etherparty/eth-smart-contracts/node_modules/babel-runtime/node_modules'
